Initialised 57 items including 25 containers.

Enter the name of the container: ==================================
Enter your choice:
1. Loot item.
2. List looted items.
0. Quit.
==================================
Enter the name of the item: Success! Item "Sam's water pouch" stored in container "Arnaud's Oven of Crispiness".
==================================
Enter your choice:
1. Loot item.
2. List looted items.
0. Quit.
==================================
Enter the name of the item: Success! Item "Bhagya's publications" stored in container "Arnaud's Oven of Crispiness".
==================================
Enter your choice:
1. Loot item.
2. List looted items.
0. Quit.
==================================
Arnaud's Oven of Crispiness (total weight: 100, empty weight: 100, capacity: 8003/250000)
   Sam's water pouch (weight: 1)
   Bhagya's publications (weight: 8002)
==================================
Enter your choice:
1. Loot item.
2. List looted items.
0. Quit.
==================================
Enter the name of the item: Success! Item "Robbie's shower thoughts" stored in container "Arnaud's Oven of Crispiness".
==================================
Enter your choice:
1. Loot item.
2. List looted items.
0. Quit.
==================================
Enter the name of the item: Success! Item "Gabe's Steam game library" stored in container "Arnaud's Oven of Crispiness".
==================================
Enter your choice:
1. Loot item.
2. List looted items.
0. Quit.
==================================
Arnaud's Oven of Crispiness (total weight: 100, empty weight: 100, capacity: 8153/250000)
   Sam's water pouch (weight: 1)
   Bhagya's publications (weight: 8002)
   Robbie's shower thoughts (weight: 150)
   Gabe's Steam game library (weight: 0)
==================================
Enter your choice:
1. Loot item.
2. List looted items.
0. Quit.
==================================
Enter the name of the item: Success! Item "Charlie's unread emails" stored in container "Arnaud's Oven of Crispiness".
==================================
Enter your choice:
1. Loot item.
2. List looted items.
0. Quit.
==================================
Enter the name of the item: Success! Item "Fibonnaci's recursive call count" stored in container "Arnaud's Oven of Crispiness".
==================================
Enter your choice:
1. Loot item.
2. List looted items.
0. Quit.
==================================
Enter the name of the item: Success! Item "Chloe's half baked ideas" stored in container "Arnaud's Oven of Crispiness".
==================================
Enter your choice:
1. Loot item.
2. List looted items.
0. Quit.
==================================
Arnaud's Oven of Crispiness (total weight: 100, empty weight: 100, capacity: 19351/250000)
   Sam's water pouch (weight: 1)
   Bhagya's publications (weight: 8002)
   Robbie's shower thoughts (weight: 150)
   Gabe's Steam game library (weight: 0)
   Charlie's unread emails (weight: 247)
   Fibonnaci's recursive call count (weight: 10946)
   Chloe's half baked ideas (weight: 5)
==================================
Enter your choice:
1. Loot item.
2. List looted items.
0. Quit.
==================================
