Initialised 57 items including 25 containers.

Enter the name of the container: ==================================
Enter your choice:
1. Loot item.
2. List looted items.
0. Quit.
==================================
Enter the name of the item: Success! Item "Lifi's browser tabs" stored in container "Pierre's Breadbag of Yuminess".
==================================
Enter your choice:
1. Loot item.
2. List looted items.
0. Quit.
==================================
Pierre's Breadbag of Yuminess (total weight: 40, empty weight: 40, capacity: 1337/5000)
   Lifi's browser tabs (weight: 1337)
==================================
Enter your choice:
1. Loot item.
2. List looted items.
0. Quit.
==================================
Enter the name of the item: Success! Item "Taylor's ex-lovers list" stored in container "Pierre's Breadbag of Yuminess".
==================================
Enter your choice:
1. Loot item.
2. List looted items.
0. Quit.
==================================
Enter the name of the item: Success! Item "Taylor's ex-lovers list" stored in container "Pierre's Breadbag of Yuminess".
==================================
Enter your choice:
1. Loot item.
2. List looted items.
0. Quit.
==================================
Pierre's Breadbag of Yuminess (total weight: 40, empty weight: 40, capacity: 3335/5000)
   Lifi's browser tabs (weight: 1337)
   Taylor's ex-lovers list (weight: 999)
   Taylor's ex-lovers list (weight: 999)
==================================
Enter your choice:
1. Loot item.
2. List looted items.
0. Quit.
==================================
Enter the name of the item: Success! Item "Liz's brain cell cluster" stored in container "Pierre's Breadbag of Yuminess".
==================================
Enter your choice:
1. Loot item.
2. List looted items.
0. Quit.
==================================
Enter the name of the item: Success! Item "Paul's cringe tiktok compilation" stored in container "Pierre's Breadbag of Yuminess".
==================================
Enter your choice:
1. Loot item.
2. List looted items.
0. Quit.
==================================
Enter the name of the item: Success! Item "Paul's missing aura points" stored in container "Pierre's Breadbag of Yuminess".
==================================
Enter your choice:
1. Loot item.
2. List looted items.
0. Quit.
==================================
Enter the name of the item: Success! Item "Robbie's shower thoughts" stored in container "Pierre's Breadbag of Yuminess".
==================================
Enter your choice:
1. Loot item.
2. List looted items.
0. Quit.
==================================
Pierre's Breadbag of Yuminess (total weight: 40, empty weight: 40, capacity: 3533/5000)
   Lifi's browser tabs (weight: 1337)
   Taylor's ex-lovers list (weight: 999)
   Taylor's ex-lovers list (weight: 999)
   Liz's brain cell cluster (weight: 3)
   Paul's cringe tiktok compilation (weight: 23)
   Paul's missing aura points (weight: 22)
   Robbie's shower thoughts (weight: 150)
==================================
Enter your choice:
1. Loot item.
2. List looted items.
0. Quit.
==================================
Enter the name of the item: Success! Item "Gabe's Steam game library" stored in container "Pierre's Breadbag of Yuminess".
==================================
Enter your choice:
1. Loot item.
2. List looted items.
0. Quit.
==================================
Enter the name of the item: Success! Item "Ed's forum posts" stored in container "Pierre's Breadbag of Yuminess".
==================================
Enter your choice:
1. Loot item.
2. List looted items.
0. Quit.
==================================
Enter the name of the item: Success! Item "Tan's Tamagotchi Support Group" stored in container "Pierre's Breadbag of Yuminess".
==================================
Enter your choice:
1. Loot item.
2. List looted items.
0. Quit.
==================================
Enter the name of the item: Success! Item "Paul's missing aura points" stored in container "Pierre's Breadbag of Yuminess".
==================================
Enter your choice:
1. Loot item.
2. List looted items.
0. Quit.
==================================
Enter the name of the item: Success! Item "Pierre's funny meme collection" stored in container "Pierre's Breadbag of Yuminess".
==================================
Enter your choice:
1. Loot item.
2. List looted items.
0. Quit.
==================================
