Initialised 57 items including 25 containers.

Enter the name of the container: ==================================
Enter your choice:
1. Loot item.
2. List looted items.
0. Quit.
==================================
Enter the name of the item: Success! Item "Sam's water pouch" stored in container "A small pocket".
==================================
Enter your choice:
1. Loot item.
2. List looted items.
0. Quit.
==================================
Enter the name of the item: Failure! Item "Chloe's late assignments" NOT stored in container "A small pocket".
==================================
Enter your choice:
1. Loot item.
2. List looted items.
0. Quit.
==================================
Enter the name of the item: Success! Item "Pierre's funny meme collection" stored in container "A small pocket".
==================================
Enter your choice:
1. Loot item.
2. List looted items.
0. Quit.
==================================
Enter the name of the item: Success! Item "Robbie's final drop of sanity" stored in container "A small pocket".
==================================
Enter your choice:
1. Loot item.
2. List looted items.
0. Quit.
==================================
Enter the name of the item: Success! Item "Pierre's funny meme collection" stored in container "A small pocket".
==================================
Enter your choice:
1. Loot item.
2. List looted items.
0. Quit.
==================================
Enter the name of the item: Success! Item "Liz's brain cell cluster" stored in container "A small pocket".
==================================
Enter your choice:
1. Loot item.
2. List looted items.
0. Quit.
==================================
Enter the name of the item: Success! Item "Liz's brain cell cluster" stored in container "A small pocket".
==================================
Enter your choice:
1. Loot item.
2. List looted items.
0. Quit.
==================================
Enter the name of the item: Success! Item "Liz's brain cell cluster" stored in container "A small pocket".
==================================
Enter your choice:
1. Loot item.
2. List looted items.
0. Quit.
==================================
Enter the name of the item: Success! Item "Sam's water pouch" stored in container "A small pocket".
==================================
Enter your choice:
1. Loot item.
2. List looted items.
0. Quit.
==================================
Enter the name of the item: Failure! Item "Pierre's outdated meme collection" NOT stored in container "A small pocket".
==================================
Enter your choice:
1. Loot item.
2. List looted items.
0. Quit.
==================================
Enter the name of the item: Success! Item "Liz's brain cell cluster" stored in container "A small pocket".
==================================
Enter your choice:
1. Loot item.
2. List looted items.
0. Quit.
==================================
A small pocket (total weight: 14, empty weight: 0, capacity: 14/100)
   Sam's water pouch (weight: 1)
   Pierre's funny meme collection (weight: 0)
   Robbie's final drop of sanity (weight: 0)
   Pierre's funny meme collection (weight: 0)
   Liz's brain cell cluster (weight: 3)
   Liz's brain cell cluster (weight: 3)
   Liz's brain cell cluster (weight: 3)
   Sam's water pouch (weight: 1)
   Liz's brain cell cluster (weight: 3)
==================================
Enter your choice:
1. Loot item.
2. List looted items.
0. Quit.
==================================
