Initialised 57 items including 25 containers.

Enter the name of the container: ==================================
Enter your choice:
1. Loot item.
2. List looted items.
0. Quit.
==================================
Enter the name of the item: Success! Item "Gabe's Steam game library" stored in container "Pierre's Breadbag of Yuminess".
==================================
Enter your choice:
1. Loot item.
2. List looted items.
0. Quit.
==================================
Enter the name of the item: Success! Item "Pierre's funny meme collection" stored in container "Pierre's Breadbag of Yuminess".
==================================
Enter your choice:
1. Loot item.
2. List looted items.
0. Quit.
==================================
Enter the name of the item: Success! Item "A rock" stored in container "Pierre's Breadbag of Yuminess".
==================================
Enter your choice:
1. Loot item.
2. List looted items.
0. Quit.
==================================
Enter the name of the item: Success! Item "Pierre's daily cheese wheel" stored in container "Pierre's Breadbag of Yuminess".
==================================
Enter your choice:
1. Loot item.
2. List looted items.
0. Quit.
==================================
Pierre's Breadbag of Yuminess (total weight: 40, empty weight: 40, capacity: 101/5000)
   Gabe's Steam game library (weight: 0)
   Pierre's funny meme collection (weight: 0)
   A rock (weight: 1)
   Pierre's daily cheese wheel (weight: 100)
==================================
Enter your choice:
1. Loot item.
2. List looted items.
0. Quit.
==================================
Enter the name of the item: Success! Item "Pierre's daily cheese wheel" stored in container "Pierre's Breadbag of Yuminess".
==================================
Enter your choice:
1. Loot item.
2. List looted items.
0. Quit.
==================================
Enter the name of the item: Success! Item "Chloe's half baked ideas" stored in container "Pierre's Breadbag of Yuminess".
==================================
Enter your choice:
1. Loot item.
2. List looted items.
0. Quit.
==================================
Enter the name of the item: Success! Item "Fibonnaci's rabbytes family tree" stored in container "Pierre's Breadbag of Yuminess".
==================================
Enter your choice:
1. Loot item.
2. List looted items.
0. Quit.
==================================
Pierre's Breadbag of Yuminess (total weight: 40, empty weight: 40, capacity: 350/5000)
   Gabe's Steam game library (weight: 0)
   Pierre's funny meme collection (weight: 0)
   A rock (weight: 1)
   Pierre's daily cheese wheel (weight: 100)
   Pierre's daily cheese wheel (weight: 100)
   Chloe's half baked ideas (weight: 5)
   Fibonnaci's rabbytes family tree (weight: 144)
==================================
Enter your choice:
1. Loot item.
2. List looted items.
0. Quit.
==================================
Enter the name of the item: Success! Item "Pierre's funny meme collection" stored in container "Pierre's Breadbag of Yuminess".
==================================
Enter your choice:
1. Loot item.
2. List looted items.
0. Quit.
==================================
Enter the name of the item: Success! Item "Tan's Tamagotchi Support Group" stored in container "Pierre's Breadbag of Yuminess".
==================================
Enter your choice:
1. Loot item.
2. List looted items.
0. Quit.
==================================
Pierre's Breadbag of Yuminess (total weight: 40, empty weight: 40, capacity: 760/5000)
   Gabe's Steam game library (weight: 0)
   Pierre's funny meme collection (weight: 0)
   A rock (weight: 1)
   Pierre's daily cheese wheel (weight: 100)
   Pierre's daily cheese wheel (weight: 100)
   Chloe's half baked ideas (weight: 5)
   Fibonnaci's rabbytes family tree (weight: 144)
   Pierre's funny meme collection (weight: 0)
   Tan's Tamagotchi Support Group (weight: 410)
==================================
Enter your choice:
1. Loot item.
2. List looted items.
0. Quit.
==================================
Pierre's Breadbag of Yuminess (total weight: 40, empty weight: 40, capacity: 760/5000)
   Gabe's Steam game library (weight: 0)
   Pierre's funny meme collection (weight: 0)
   A rock (weight: 1)
   Pierre's daily cheese wheel (weight: 100)
   Pierre's daily cheese wheel (weight: 100)
   Chloe's half baked ideas (weight: 5)
   Fibonnaci's rabbytes family tree (weight: 144)
   Pierre's funny meme collection (weight: 0)
   Tan's Tamagotchi Support Group (weight: 410)
==================================
Enter your choice:
1. Loot item.
2. List looted items.
0. Quit.
==================================
Enter the name of the item: Success! Item "Crimpy's destroyed cat toys" stored in container "Pierre's Breadbag of Yuminess".
==================================
Enter your choice:
1. Loot item.
2. List looted items.
0. Quit.
==================================
Enter the name of the item: Success! Item "Paul's cringe tiktok compilation" stored in container "Pierre's Breadbag of Yuminess".
==================================
Enter your choice:
1. Loot item.
2. List looted items.
0. Quit.
==================================
