Initialised 57 items including 25 containers.

Enter the name of the container: ==================================
Enter your choice:
1. Loot item.
2. List looted items.
0. Quit.
==================================
Arnaud's Oven of Crispiness (total weight: 100, empty weight: 100, capacity: 0/250000)
==================================
Enter your choice:
1. Loot item.
2. List looted items.
0. Quit.
==================================
Arnaud's Oven of Crispiness (total weight: 100, empty weight: 100, capacity: 0/250000)
==================================
Enter your choice:
1. Loot item.
2. List looted items.
0. Quit.
==================================
Enter the name of the item: Success! Item "Paul's only frontal lobe" stored in container "Arnaud's Oven of Crispiness".
==================================
Enter your choice:
1. Loot item.
2. List looted items.
0. Quit.
==================================
Arnaud's Oven of Crispiness (total weight: 100, empty weight: 100, capacity: 9/250000)
   Paul's only frontal lobe (weight: 9)
==================================
Enter your choice:
1. Loot item.
2. List looted items.
0. Quit.
==================================
Enter the name of the item: Success! Item "Vanessa's secret gold stash" stored in container "Arnaud's Oven of Crispiness".
==================================
Enter your choice:
1. Loot item.
2. List looted items.
0. Quit.
==================================
Enter the name of the item: Success! Item "Elena's fishing count" stored in container "Arnaud's Oven of Crispiness".
==================================
Enter your choice:
1. Loot item.
2. List looted items.
0. Quit.
==================================
Enter the name of the item: Success! Item "Gabe's Steam game library" stored in container "Arnaud's Oven of Crispiness".
==================================
Enter your choice:
1. Loot item.
2. List looted items.
0. Quit.
==================================
Arnaud's Oven of Crispiness (total weight: 100, empty weight: 100, capacity: 5537/250000)
   Paul's only frontal lobe (weight: 9)
   Vanessa's secret gold stash (weight: 2028)
   Elena's fishing count (weight: 3500)
   Gabe's Steam game library (weight: 0)
==================================
Enter your choice:
1. Loot item.
2. List looted items.
0. Quit.
==================================
Arnaud's Oven of Crispiness (total weight: 100, empty weight: 100, capacity: 5537/250000)
   Paul's only frontal lobe (weight: 9)
   Vanessa's secret gold stash (weight: 2028)
   Elena's fishing count (weight: 3500)
   Gabe's Steam game library (weight: 0)
==================================
Enter your choice:
1. Loot item.
2. List looted items.
0. Quit.
==================================
Enter the name of the item: Success! Item "Hui's Hidden Hamster Hoard" stored in container "Arnaud's Oven of Crispiness".
==================================
Enter your choice:
1. Loot item.
2. List looted items.
0. Quit.
==================================
Arnaud's Oven of Crispiness (total weight: 100, empty weight: 100, capacity: 8678/250000)
   Paul's only frontal lobe (weight: 9)
   Vanessa's secret gold stash (weight: 2028)
   Elena's fishing count (weight: 3500)
   Gabe's Steam game library (weight: 0)
   Hui's Hidden Hamster Hoard (weight: 3141)
==================================
Enter your choice:
1. Loot item.
2. List looted items.
0. Quit.
==================================
