Initialised 57 items including 25 containers.

Enter the name of the container: ==================================
Enter your choice:
1. Loot item.
2. List looted items.
0. Quit.
==================================
Enter the name of the item: Success! Item "Paul's missing aura points" stored in container "Arnaud's Oven of Crispiness".
==================================
Enter your choice:
1. Loot item.
2. List looted items.
0. Quit.
==================================
Arnaud's Oven of Crispiness (total weight: 100, empty weight: 100, capacity: 22/250000)
   Paul's missing aura points (weight: 22)
==================================
Enter your choice:
1. Loot item.
2. List looted items.
0. Quit.
==================================
Arnaud's Oven of Crispiness (total weight: 100, empty weight: 100, capacity: 22/250000)
   Paul's missing aura points (weight: 22)
==================================
Enter your choice:
1. Loot item.
2. List looted items.
0. Quit.
==================================
Enter the name of the item: Success! Item "Elena's fishing count" stored in container "Arnaud's Oven of Crispiness".
==================================
Enter your choice:
1. Loot item.
2. List looted items.
0. Quit.
==================================
Enter the name of the item: Success! Item "Pierre's funny meme collection" stored in container "Arnaud's Oven of Crispiness".
==================================
Enter your choice:
1. Loot item.
2. List looted items.
0. Quit.
==================================
Enter the name of the item: Success! Item "Liz's brain cell cluster" stored in container "Arnaud's Oven of Crispiness".
==================================
Enter your choice:
1. Loot item.
2. List looted items.
0. Quit.
==================================
Enter the name of the item: Success! Item "Robbie's final drop of sanity" stored in container "Arnaud's Oven of Crispiness".
==================================
Enter your choice:
1. Loot item.
2. List looted items.
0. Quit.
==================================
Arnaud's Oven of Crispiness (total weight: 100, empty weight: 100, capacity: 3525/250000)
   Paul's missing aura points (weight: 22)
   Elena's fishing count (weight: 3500)
   Pierre's funny meme collection (weight: 0)
   Liz's brain cell cluster (weight: 3)
   Robbie's final drop of sanity (weight: 0)
==================================
Enter your choice:
1. Loot item.
2. List looted items.
0. Quit.
==================================
Enter the name of the item: Success! Item "Vanessa's secret gold stash" stored in container "Arnaud's Oven of Crispiness".
==================================
Enter your choice:
1. Loot item.
2. List looted items.
0. Quit.
==================================
Enter the name of the item: Success! Item "Michael's stack of unmarked assignments" stored in container "Arnaud's Oven of Crispiness".
==================================
Enter your choice:
1. Loot item.
2. List looted items.
0. Quit.
==================================
Enter the name of the item: Success! Item "Bhagya's publications" stored in container "Arnaud's Oven of Crispiness".
==================================
Enter your choice:
1. Loot item.
2. List looted items.
0. Quit.
==================================
