Initialised 57 items including 25 containers.

Enter the name of the container: ==================================
Enter your choice:
1. Loot item.
2. List looted items.
0. Quit.
==================================
Enter the name of the item: Success! Item "Charlie's unread emails" stored in container "Pierre's Breadbag of Yuminess".
==================================
Enter your choice:
1. Loot item.
2. List looted items.
0. Quit.
==================================
Enter the name of the item: Success! Item "Fibonnaci's rabbytes family tree" stored in container "Pierre's Breadbag of Yuminess".
==================================
Enter your choice:
1. Loot item.
2. List looted items.
0. Quit.
==================================
Pierre's Breadbag of Yuminess (total weight: 40, empty weight: 40, capacity: 391/5000)
   Charlie's unread emails (weight: 247)
   Fibonnaci's rabbytes family tree (weight: 144)
==================================
Enter your choice:
1. Loot item.
2. List looted items.
0. Quit.
==================================
Pierre's Breadbag of Yuminess (total weight: 40, empty weight: 40, capacity: 391/5000)
   Charlie's unread emails (weight: 247)
   Fibonnaci's rabbytes family tree (weight: 144)
==================================
Enter your choice:
1. Loot item.
2. List looted items.
0. Quit.
==================================
Enter the name of the item: Success! Item "Elena's fishing count" stored in container "Pierre's Breadbag of Yuminess".
==================================
Enter your choice:
1. Loot item.
2. List looted items.
0. Quit.
==================================
Enter the name of the item: Success! Item "Taylor's ex-lovers list" stored in container "Pierre's Breadbag of Yuminess".
==================================
Enter your choice:
1. Loot item.
2. List looted items.
0. Quit.
==================================
Enter the name of the item: Success! Item "A rock" stored in container "Pierre's Breadbag of Yuminess".
==================================
Enter your choice:
1. Loot item.
2. List looted items.
0. Quit.
==================================
Enter the name of the item: Success! Item "Chloe's half baked ideas" stored in container "Pierre's Breadbag of Yuminess".
==================================
Enter your choice:
1. Loot item.
2. List looted items.
0. Quit.
==================================
Pierre's Breadbag of Yuminess (total weight: 40, empty weight: 40, capacity: 4896/5000)
   Charlie's unread emails (weight: 247)
   Fibonnaci's rabbytes family tree (weight: 144)
   Elena's fishing count (weight: 3500)
   Taylor's ex-lovers list (weight: 999)
   A rock (weight: 1)
   Chloe's half baked ideas (weight: 5)
==================================
Enter your choice:
1. Loot item.
2. List looted items.
0. Quit.
==================================
Enter the name of the item: Success! Item "Crimpy's destroyed cat toys" stored in container "Pierre's Breadbag of Yuminess".
==================================
Enter your choice:
1. Loot item.
2. List looted items.
0. Quit.
==================================
Enter the name of the item: Failure! Item "Elena's fishing count" NOT stored in container "Pierre's Breadbag of Yuminess".
==================================
Enter your choice:
1. Loot item.
2. List looted items.
0. Quit.
==================================
