Initialised 57 items including 25 containers.

Enter the name of the container: ==================================
Enter your choice:
1. Loot item.
2. List looted items.
0. Quit.
==================================
Enter the name of the item: Success! Item "Robbie's final drop of sanity" stored in container "Hermione's Satchel".
==================================
Enter your choice:
1. Loot item.
2. List looted items.
0. Quit.
==================================
Enter the name of the item: Success! Item "Robbie's final drop of sanity" stored in container "Hermione's Satchel".
==================================
Enter your choice:
1. Loot item.
2. List looted items.
0. Quit.
==================================
Hermione's Satchel (total weight: 3, empty weight: 3, capacity: 0/80)
   Robbie's final drop of sanity (weight: 0)
   Robbie's final drop of sanity (weight: 0)
==================================
Enter your choice:
1. Loot item.
2. List looted items.
0. Quit.
==================================
Enter the name of the item: Success! Item "Chloe's half baked ideas" stored in container "Hermione's Satchel".
==================================
Enter your choice:
1. Loot item.
2. List looted items.
0. Quit.
==================================
Enter the name of the item: Failure! Item "Fibonnaci's rabbytes family tree" NOT stored in container "Hermione's Satchel".
==================================
Enter your choice:
1. Loot item.
2. List looted items.
0. Quit.
==================================
Enter the name of the item: Failure! Item "Rehan's Book collection" NOT stored in container "Hermione's Satchel".
==================================
Enter your choice:
1. Loot item.
2. List looted items.
0. Quit.
==================================
Hermione's Satchel (total weight: 3, empty weight: 3, capacity: 5/80)
   Robbie's final drop of sanity (weight: 0)
   Robbie's final drop of sanity (weight: 0)
   Chloe's half baked ideas (weight: 5)
==================================
Enter your choice:
1. Loot item.
2. List looted items.
0. Quit.
==================================
Enter the name of the item: Failure! Item "Fibonnaci's recursive call count" NOT stored in container "Hermione's Satchel".
==================================
Enter your choice:
1. Loot item.
2. List looted items.
0. Quit.
==================================
Enter the name of the item: Success! Item "Paul's cringe tiktok compilation" stored in container "Hermione's Satchel".
==================================
Enter your choice:
1. Loot item.
2. List looted items.
0. Quit.
==================================
Enter the name of the item: Failure! Item "Taylor's ex-lovers list" NOT stored in container "Hermione's Satchel".
==================================
Enter your choice:
1. Loot item.
2. List looted items.
0. Quit.
==================================
Enter the name of the item: Success! Item "Robbie's final drop of sanity" stored in container "Hermione's Satchel".
==================================
Enter your choice:
1. Loot item.
2. List looted items.
0. Quit.
==================================
