Initialised 57 items including 25 containers.

Enter the name of the container: ==================================
Enter your choice:
1. Loot item.
2. List looted items.
0. Quit.
==================================
Enter the name of the item: Success! Item "Paul's cringe tiktok compilation" stored in container "Maxim's multicat carrybag".
==================================
Enter your choice:
1. Loot item.
2. List looted items.
0. Quit.
==================================
Enter the name of the item: Success! Item "Pierre's daily cheese wheel" stored in container "Maxim's multicat carrybag".
==================================
Enter your choice:
1. Loot item.
2. List looted items.
0. Quit.
==================================
Enter the name of the item: Success! Item "Paul's cringe tiktok compilation" stored in container "Maxim's multicat carrybag".
==================================
Enter your choice:
1. Loot item.
2. List looted items.
0. Quit.
==================================
Enter the name of the item: Success! Item "Pierre's funny meme collection" stored in container "Maxim's multicat carrybag".
==================================
Enter your choice:
1. Loot item.
2. List looted items.
0. Quit.
==================================
Enter the name of the item: Failure! Item "Chloe's late assignments" NOT stored in container "Maxim's multicat carrybag".
==================================
Enter your choice:
1. Loot item.
2. List looted items.
0. Quit.
==================================
Enter the name of the item: Success! Item "Liz's brain cell cluster" stored in container "Maxim's multicat carrybag".
==================================
Enter your choice:
1. Loot item.
2. List looted items.
0. Quit.
==================================
Enter the name of the item: Success! Item "Gabe's Steam game library" stored in container "Maxim's multicat carrybag".
==================================
Enter your choice:
1. Loot item.
2. List looted items.
0. Quit.
==================================
Enter the name of the item: Success! Item "Tan's Tamagotchi Support Group" stored in container "Maxim's multicat carrybag".
==================================
Enter your choice:
1. Loot item.
2. List looted items.
0. Quit.
==================================
Enter the name of the item: Success! Item "Robbie's shower thoughts" stored in container "Maxim's multicat carrybag".
==================================
Enter your choice:
1. Loot item.
2. List looted items.
0. Quit.
==================================
Enter the name of the item: Failure! Item "Pierre's outdated meme collection" NOT stored in container "Maxim's multicat carrybag".
==================================
Enter your choice:
1. Loot item.
2. List looted items.
0. Quit.
==================================
