Initialised 57 items including 25 containers.

Enter the name of the container: ==================================
Enter your choice:
1. Loot item.
2. List looted items.
0. Quit.
==================================
Enter the name of the item: Success! Item "Ed's forum posts" stored in container "Pierre's Breadbag of Yuminess".
==================================
Enter your choice:
1. Loot item.
2. List looted items.
0. Quit.
==================================
Pierre's Breadbag of Yuminess (total weight: 40, empty weight: 40, capacity: 678/5000)
   Ed's forum posts (weight: 678)
==================================
Enter your choice:
1. Loot item.
2. List looted items.
0. Quit.
==================================
Enter the name of the item: Success! Item "Gabe's Steam game library" stored in container "Pierre's Breadbag of Yuminess".
==================================
Enter your choice:
1. Loot item.
2. List looted items.
0. Quit.
==================================
Pierre's Breadbag of Yuminess (total weight: 40, empty weight: 40, capacity: 678/5000)
   Ed's forum posts (weight: 678)
   Gabe's Steam game library (weight: 0)
==================================
Enter your choice:
1. Loot item.
2. List looted items.
0. Quit.
==================================
Enter the name of the item: Success! Item "Robbie's final drop of sanity" stored in container "Pierre's Breadbag of Yuminess".
==================================
Enter your choice:
1. Loot item.
2. List looted items.
0. Quit.
==================================
Pierre's Breadbag of Yuminess (total weight: 40, empty weight: 40, capacity: 678/5000)
   Ed's forum posts (weight: 678)
   Gabe's Steam game library (weight: 0)
   Robbie's final drop of sanity (weight: 0)
==================================
Enter your choice:
1. Loot item.
2. List looted items.
0. Quit.
==================================
Enter the name of the item: Success! Item "Paul's only frontal lobe" stored in container "Pierre's Breadbag of Yuminess".
==================================
Enter your choice:
1. Loot item.
2. List looted items.
0. Quit.
==================================
Enter the name of the item: Success! Item "Paul's cringe tiktok compilation" stored in container "Pierre's Breadbag of Yuminess".
==================================
Enter your choice:
1. Loot item.
2. List looted items.
0. Quit.
==================================
Pierre's Breadbag of Yuminess (total weight: 40, empty weight: 40, capacity: 710/5000)
   Ed's forum posts (weight: 678)
   Gabe's Steam game library (weight: 0)
   Robbie's final drop of sanity (weight: 0)
   Paul's only frontal lobe (weight: 9)
   Paul's cringe tiktok compilation (weight: 23)
==================================
Enter your choice:
1. Loot item.
2. List looted items.
0. Quit.
==================================
Enter the name of the item: Success! Item "Paul's cringe tiktok compilation" stored in container "Pierre's Breadbag of Yuminess".
==================================
Enter your choice:
1. Loot item.
2. List looted items.
0. Quit.
==================================
Enter the name of the item: Success! Item "Pierre's secret meme collection" stored in container "Pierre's Breadbag of Yuminess".
==================================
Enter your choice:
1. Loot item.
2. List looted items.
0. Quit.
==================================
Enter the name of the item: Success! Item "Taylor's ex-lovers list" stored in container "Pierre's Breadbag of Yuminess".
==================================
Enter your choice:
1. Loot item.
2. List looted items.
0. Quit.
==================================
Pierre's Breadbag of Yuminess (total weight: 40, empty weight: 40, capacity: 2152/5000)
   Ed's forum posts (weight: 678)
   Gabe's Steam game library (weight: 0)
   Robbie's final drop of sanity (weight: 0)
   Paul's only frontal lobe (weight: 9)
   Paul's cringe tiktok compilation (weight: 23)
   Paul's cringe tiktok compilation (weight: 23)
   Pierre's secret meme collection (weight: 420)
   Taylor's ex-lovers list (weight: 999)
==================================
Enter your choice:
1. Loot item.
2. List looted items.
0. Quit.
==================================
Pierre's Breadbag of Yuminess (total weight: 40, empty weight: 40, capacity: 2152/5000)
   Ed's forum posts (weight: 678)
   Gabe's Steam game library (weight: 0)
   Robbie's final drop of sanity (weight: 0)
   Paul's only frontal lobe (weight: 9)
   Paul's cringe tiktok compilation (weight: 23)
   Paul's cringe tiktok compilation (weight: 23)
   Pierre's secret meme collection (weight: 420)
   Taylor's ex-lovers list (weight: 999)
==================================
Enter your choice:
1. Loot item.
2. List looted items.
0. Quit.
==================================
