Initialised 57 items including 25 containers.

Enter the name of the container: ==================================
Enter your choice:
1. Loot item.
2. List looted items.
0. Quit.
==================================
Enter the name of the item: Success! Item "Chloe's half baked ideas" stored in container "A lab coat".
==================================
Enter your choice:
1. Loot item.
2. List looted items.
0. Quit.
==================================
Enter the name of the item: Success! Item "Pierre's funny meme collection" stored in container "A lab coat".
==================================
Enter your choice:
1. Loot item.
2. List looted items.
0. Quit.
==================================
Enter the name of the item: Success! Item "Chloe's half baked ideas" stored in container "A lab coat".
==================================
Enter your choice:
1. Loot item.
2. List looted items.
0. Quit.
==================================
Enter the name of the item: Success! Item "Crimpy's destroyed cat toys" stored in container "A lab coat".
==================================
Enter your choice:
1. Loot item.
2. List looted items.
0. Quit.
==================================
Enter the name of the item: Failure! Item "Pierre's secret meme collection" NOT stored in container "A lab coat".
==================================
Enter your choice:
1. Loot item.
2. List looted items.
0. Quit.
==================================
Enter the name of the item: Failure! Item "Vanessa's secret gold stash" NOT stored in container "A lab coat".
==================================
Enter your choice:
1. Loot item.
2. List looted items.
0. Quit.
==================================
Enter the name of the item: Success! Item "Pierre's funny meme collection" stored in container "A lab coat".
==================================
Enter your choice:
1. Loot item.
2. List looted items.
0. Quit.
==================================
A lab coat (total weight: 37, empty weight: 0, capacity: 0/0)
   A small pocket (total weight: 37, empty weight: 0, capacity: 37/100)
      Chloe's half baked ideas (weight: 5)
      Pierre's funny meme collection (weight: 0)
      Chloe's half baked ideas (weight: 5)
      Crimpy's destroyed cat toys (weight: 27)
      Pierre's funny meme collection (weight: 0)
   A medium pocket (total weight: 0, empty weight: 0, capacity: 0/200)
   A small pocket (total weight: 0, empty weight: 0, capacity: 0/100)
==================================
Enter your choice:
1. Loot item.
2. List looted items.
0. Quit.
==================================
Enter the name of the item: Success! Item "Paul's missing aura points" stored in container "A lab coat".
==================================
Enter your choice:
1. Loot item.
2. List looted items.
0. Quit.
==================================
Enter the name of the item: Success! Item "Robbie's final drop of sanity" stored in container "A lab coat".
==================================
Enter your choice:
1. Loot item.
2. List looted items.
0. Quit.
==================================
Enter the name of the item: Failure! Item "Chloe's late assignments" NOT stored in container "A lab coat".
==================================
Enter your choice:
1. Loot item.
2. List looted items.
0. Quit.
==================================
Enter the name of the item: Success! Item "Chloe's half baked ideas" stored in container "A lab coat".
==================================
Enter your choice:
1. Loot item.
2. List looted items.
0. Quit.
==================================
Enter the name of the item: Success! Item "Crimpy's destroyed cat toys" stored in container "A lab coat".
==================================
Enter your choice:
1. Loot item.
2. List looted items.
0. Quit.
==================================
