Initialised 57 items including 25 containers.

Enter the name of the container: ==================================
Enter your choice:
1. Loot item.
2. List looted items.
0. Quit.
==================================
Bag of Holding (total weight: 40, empty weight: 40, capacity: 0/5000)
==================================
Enter your choice:
1. Loot item.
2. List looted items.
0. Quit.
==================================
Bag of Holding (total weight: 40, empty weight: 40, capacity: 0/5000)
==================================
Enter your choice:
1. Loot item.
2. List looted items.
0. Quit.
==================================
Enter the name of the item: Success! Item "Taylor's ex-lovers list" stored in container "Bag of Holding".
==================================
Enter your choice:
1. Loot item.
2. List looted items.
0. Quit.
==================================
Enter the name of the item: Success! Item "A rock" stored in container "Bag of Holding".
==================================
Enter your choice:
1. Loot item.
2. List looted items.
0. Quit.
==================================
Enter the name of the item: Success! Item "Chloe's half baked ideas" stored in container "Bag of Holding".
==================================
Enter your choice:
1. Loot item.
2. List looted items.
0. Quit.
==================================
Bag of Holding (total weight: 40, empty weight: 40, capacity: 1005/5000)
   Taylor's ex-lovers list (weight: 999)
   A rock (weight: 1)
   Chloe's half baked ideas (weight: 5)
==================================
Enter your choice:
1. Loot item.
2. List looted items.
0. Quit.
==================================
Bag of Holding (total weight: 40, empty weight: 40, capacity: 1005/5000)
   Taylor's ex-lovers list (weight: 999)
   A rock (weight: 1)
   Chloe's half baked ideas (weight: 5)
==================================
Enter your choice:
1. Loot item.
2. List looted items.
0. Quit.
==================================
Enter the name of the item: Success! Item "Tan's Tamagotchi Support Group" stored in container "Bag of Holding".
==================================
Enter your choice:
1. Loot item.
2. List looted items.
0. Quit.
==================================
Enter the name of the item: Success! Item "Pierre's funny meme collection" stored in container "Bag of Holding".
==================================
Enter your choice:
1. Loot item.
2. List looted items.
0. Quit.
==================================
Enter the name of the item: Success! Item "Paul's missing aura points" stored in container "Bag of Holding".
==================================
Enter your choice:
1. Loot item.
2. List looted items.
0. Quit.
==================================
Enter the name of the item: Success! Item "Charlie's unread emails" stored in container "Bag of Holding".
==================================
Enter your choice:
1. Loot item.
2. List looted items.
0. Quit.
==================================
Bag of Holding (total weight: 40, empty weight: 40, capacity: 1684/5000)
   Taylor's ex-lovers list (weight: 999)
   A rock (weight: 1)
   Chloe's half baked ideas (weight: 5)
   Tan's Tamagotchi Support Group (weight: 410)
   Pierre's funny meme collection (weight: 0)
   Paul's missing aura points (weight: 22)
   Charlie's unread emails (weight: 247)
==================================
Enter your choice:
1. Loot item.
2. List looted items.
0. Quit.
==================================
