Initialised 57 items including 25 containers.

Enter the name of the container: ==================================
Enter your choice:
1. Loot item.
2. List looted items.
0. Quit.
==================================
Enter the name of the item: Success! Item "Paul's cringe tiktok compilation" stored in container "A wheelbarrow".
==================================
Enter your choice:
1. Loot item.
2. List looted items.
0. Quit.
==================================
Enter the name of the item: Success! Item "Chloe's half baked ideas" stored in container "A wheelbarrow".
==================================
Enter your choice:
1. Loot item.
2. List looted items.
0. Quit.
==================================
Enter the name of the item: Success! Item "Robbie's final drop of sanity" stored in container "A wheelbarrow".
==================================
Enter your choice:
1. Loot item.
2. List looted items.
0. Quit.
==================================
Enter the name of the item: Success! Item "Rehan's Book collection" stored in container "A wheelbarrow".
==================================
Enter your choice:
1. Loot item.
2. List looted items.
0. Quit.
==================================
Enter the name of the item: Success! Item "Pierre's funny meme collection" stored in container "A wheelbarrow".
==================================
Enter your choice:
1. Loot item.
2. List looted items.
0. Quit.
==================================
Enter the name of the item: Success! Item "Ed's forum posts" stored in container "A wheelbarrow".
==================================
Enter your choice:
1. Loot item.
2. List looted items.
0. Quit.
==================================
Enter the name of the item: Success! Item "Pierre's funny meme collection" stored in container "A wheelbarrow".
==================================
Enter your choice:
1. Loot item.
2. List looted items.
0. Quit.
==================================
A wheelbarrow (total weight: 7811, empty weight: 100, capacity: 7711/10000)
   Paul's cringe tiktok compilation (weight: 23)
   Chloe's half baked ideas (weight: 5)
   Robbie's final drop of sanity (weight: 0)
   Rehan's Book collection (weight: 7005)
   Pierre's funny meme collection (weight: 0)
   Ed's forum posts (weight: 678)
   Pierre's funny meme collection (weight: 0)
==================================
Enter your choice:
1. Loot item.
2. List looted items.
0. Quit.
==================================
Enter the name of the item: Success! Item "Ed's forum posts" stored in container "A wheelbarrow".
==================================
Enter your choice:
1. Loot item.
2. List looted items.
0. Quit.
==================================
Enter the name of the item: Success! Item "A rock" stored in container "A wheelbarrow".
==================================
Enter your choice:
1. Loot item.
2. List looted items.
0. Quit.
==================================
Enter the name of the item: Success! Item "Ed's forum posts" stored in container "A wheelbarrow".
==================================
Enter your choice:
1. Loot item.
2. List looted items.
0. Quit.
==================================
Enter the name of the item: Success! Item "Crimpy's destroyed cat toys" stored in container "A wheelbarrow".
==================================
Enter your choice:
1. Loot item.
2. List looted items.
0. Quit.
==================================
A wheelbarrow (total weight: 9195, empty weight: 100, capacity: 9095/10000)
   Paul's cringe tiktok compilation (weight: 23)
   Chloe's half baked ideas (weight: 5)
   Robbie's final drop of sanity (weight: 0)
   Rehan's Book collection (weight: 7005)
   Pierre's funny meme collection (weight: 0)
   Ed's forum posts (weight: 678)
   Pierre's funny meme collection (weight: 0)
   Ed's forum posts (weight: 678)
   A rock (weight: 1)
   Ed's forum posts (weight: 678)
   Crimpy's destroyed cat toys (weight: 27)
==================================
Enter your choice:
1. Loot item.
2. List looted items.
0. Quit.
==================================
Enter the name of the item: Success! Item "Paul's missing aura points" stored in container "A wheelbarrow".
==================================
Enter your choice:
1. Loot item.
2. List looted items.
0. Quit.
==================================
Enter the name of the item: Success! Item "Vanessa's hit list" stored in container "A wheelbarrow".
==================================
Enter your choice:
1. Loot item.
2. List looted items.
0. Quit.
==================================
