Initialised 57 items including 25 containers.

Enter the name of the container: ==================================
Enter your choice:
1. Loot item.
2. List looted items.
0. Quit.
==================================
Enter the name of the item: Success! Item "Gabe's Steam game library" stored in container "Bag of Holding".
==================================
Enter your choice:
1. Loot item.
2. List looted items.
0. Quit.
==================================
Enter the name of the item: Success! Item "Crimpy's destroyed cat toys" stored in container "Bag of Holding".
==================================
Enter your choice:
1. Loot item.
2. List looted items.
0. Quit.
==================================
Enter the name of the item: Success! Item "Sam's water pouch" stored in container "Bag of Holding".
==================================
Enter your choice:
1. Loot item.
2. List looted items.
0. Quit.
==================================
Enter the name of the item: Success! Item "A rock" stored in container "Bag of Holding".
==================================
Enter your choice:
1. Loot item.
2. List looted items.
0. Quit.
==================================
Enter the name of the item: Success! Item "Fibonnaci's rabbytes family tree" stored in container "Bag of Holding".
==================================
Enter your choice:
1. Loot item.
2. List looted items.
0. Quit.
==================================
Enter the name of the item: Success! Item "Taylor's ex-lovers list" stored in container "Bag of Holding".
==================================
Enter your choice:
1. Loot item.
2. List looted items.
0. Quit.
==================================
Bag of Holding (total weight: 40, empty weight: 40, capacity: 1172/5000)
   Gabe's Steam game library (weight: 0)
   Crimpy's destroyed cat toys (weight: 27)
   Sam's water pouch (weight: 1)
   A rock (weight: 1)
   Fibonnaci's rabbytes family tree (weight: 144)
   Taylor's ex-lovers list (weight: 999)
==================================
Enter your choice:
1. Loot item.
2. List looted items.
0. Quit.
==================================
Enter the name of the item: Success! Item "Tan's Tamagotchi Support Group" stored in container "Bag of Holding".
==================================
Enter your choice:
1. Loot item.
2. List looted items.
0. Quit.
==================================
Enter the name of the item: Success! Item "A rock" stored in container "Bag of Holding".
==================================
Enter your choice:
1. Loot item.
2. List looted items.
0. Quit.
==================================
Enter the name of the item: Success! Item "Crimpy's destroyed cat toys" stored in container "Bag of Holding".
==================================
Enter your choice:
1. Loot item.
2. List looted items.
0. Quit.
==================================
Bag of Holding (total weight: 40, empty weight: 40, capacity: 1610/5000)
   Gabe's Steam game library (weight: 0)
   Crimpy's destroyed cat toys (weight: 27)
   Sam's water pouch (weight: 1)
   A rock (weight: 1)
   Fibonnaci's rabbytes family tree (weight: 144)
   Taylor's ex-lovers list (weight: 999)
   Tan's Tamagotchi Support Group (weight: 410)
   A rock (weight: 1)
   Crimpy's destroyed cat toys (weight: 27)
==================================
Enter your choice:
1. Loot item.
2. List looted items.
0. Quit.
==================================
Enter the name of the item: Success! Item "Hui's Hidden Hamster Hoard" stored in container "Bag of Holding".
==================================
Enter your choice:
1. Loot item.
2. List looted items.
0. Quit.
==================================
Enter the name of the item: Failure! Item "Pierre's meme collection" NOT stored in container "Bag of Holding".
==================================
Enter your choice:
1. Loot item.
2. List looted items.
0. Quit.
==================================
Enter the name of the item: Success! Item "A rock" stored in container "Bag of Holding".
==================================
Enter your choice:
1. Loot item.
2. List looted items.
0. Quit.
==================================
Bag of Holding (total weight: 40, empty weight: 40, capacity: 4752/5000)
   Gabe's Steam game library (weight: 0)
   Crimpy's destroyed cat toys (weight: 27)
   Sam's water pouch (weight: 1)
   A rock (weight: 1)
   Fibonnaci's rabbytes family tree (weight: 144)
   Taylor's ex-lovers list (weight: 999)
   Tan's Tamagotchi Support Group (weight: 410)
   A rock (weight: 1)
   Crimpy's destroyed cat toys (weight: 27)
   Hui's Hidden Hamster Hoard (weight: 3141)
   A rock (weight: 1)
==================================
Enter your choice:
1. Loot item.
2. List looted items.
0. Quit.
==================================
