Initialised 57 items including 25 containers.

Enter the name of the container: ==================================
Enter your choice:
1. Loot item.
2. List looted items.
0. Quit.
==================================
Enter the name of the item: Failure! Item "Vanessa's hit list" NOT stored in container "Joey's water bowl".
==================================
Enter your choice:
1. Loot item.
2. List looted items.
0. Quit.
==================================
Enter the name of the item: Success! Item "Chloe's half baked ideas" stored in container "Joey's water bowl".
==================================
Enter your choice:
1. Loot item.
2. List looted items.
0. Quit.
==================================
Enter the name of the item: Success! Item "Sam's water pouch" stored in container "Joey's water bowl".
==================================
Enter your choice:
1. Loot item.
2. List looted items.
0. Quit.
==================================
Enter the name of the item: Success! Item "Robbie's final drop of sanity" stored in container "Joey's water bowl".
==================================
Enter your choice:
1. Loot item.
2. List looted items.
0. Quit.
==================================
Enter the name of the item: Success! Item "Gabe's Steam game library" stored in container "Joey's water bowl".
==================================
Enter your choice:
1. Loot item.
2. List looted items.
0. Quit.
==================================
Enter the name of the item: Success! Item "Liz's brain cell cluster" stored in container "Joey's water bowl".
==================================
Enter your choice:
1. Loot item.
2. List looted items.
0. Quit.
==================================
Joey's water bowl (total weight: 11, empty weight: 2, capacity: 9/20)
   Chloe's half baked ideas (weight: 5)
   Sam's water pouch (weight: 1)
   Robbie's final drop of sanity (weight: 0)
   Gabe's Steam game library (weight: 0)
   Liz's brain cell cluster (weight: 3)
==================================
Enter your choice:
1. Loot item.
2. List looted items.
0. Quit.
==================================
Joey's water bowl (total weight: 11, empty weight: 2, capacity: 9/20)
   Chloe's half baked ideas (weight: 5)
   Sam's water pouch (weight: 1)
   Robbie's final drop of sanity (weight: 0)
   Gabe's Steam game library (weight: 0)
   Liz's brain cell cluster (weight: 3)
==================================
Enter your choice:
1. Loot item.
2. List looted items.
0. Quit.
==================================
Joey's water bowl (total weight: 11, empty weight: 2, capacity: 9/20)
   Chloe's half baked ideas (weight: 5)
   Sam's water pouch (weight: 1)
   Robbie's final drop of sanity (weight: 0)
   Gabe's Steam game library (weight: 0)
   Liz's brain cell cluster (weight: 3)
==================================
Enter your choice:
1. Loot item.
2. List looted items.
0. Quit.
==================================
Joey's water bowl (total weight: 11, empty weight: 2, capacity: 9/20)
   Chloe's half baked ideas (weight: 5)
   Sam's water pouch (weight: 1)
   Robbie's final drop of sanity (weight: 0)
   Gabe's Steam game library (weight: 0)
   Liz's brain cell cluster (weight: 3)
==================================
Enter your choice:
1. Loot item.
2. List looted items.
0. Quit.
==================================
Enter the name of the item: Success! Item "Chloe's half baked ideas" stored in container "Joey's water bowl".
==================================
Enter your choice:
1. Loot item.
2. List looted items.
0. Quit.
==================================
Joey's water bowl (total weight: 16, empty weight: 2, capacity: 14/20)
   Chloe's half baked ideas (weight: 5)
   Sam's water pouch (weight: 1)
   Robbie's final drop of sanity (weight: 0)
   Gabe's Steam game library (weight: 0)
   Liz's brain cell cluster (weight: 3)
   Chloe's half baked ideas (weight: 5)
==================================
Enter your choice:
1. Loot item.
2. List looted items.
0. Quit.
==================================
