Initialised 57 items including 25 containers.

Enter the name of the container: ==================================
Enter your choice:
1. Loot item.
2. List looted items.
0. Quit.
==================================
Hermione's Satchel (total weight: 3, empty weight: 3, capacity: 0/80)
==================================
Enter your choice:
1. Loot item.
2. List looted items.
0. Quit.
==================================
Enter the name of the item: Success! Item "Chloe's half baked ideas" stored in container "Hermione's Satchel".
==================================
Enter your choice:
1. Loot item.
2. List looted items.
0. Quit.
==================================
Enter the name of the item: Success! Item "Liz's brain cell cluster" stored in container "Hermione's Satchel".
==================================
Enter your choice:
1. Loot item.
2. List looted items.
0. Quit.
==================================
Enter the name of the item: Success! Item "Crimpy's destroyed cat toys" stored in container "Hermione's Satchel".
==================================
Enter your choice:
1. Loot item.
2. List looted items.
0. Quit.
==================================
Enter the name of the item: Success! Item "Sam's water pouch" stored in container "Hermione's Satchel".
==================================
Enter your choice:
1. Loot item.
2. List looted items.
0. Quit.
==================================
Hermione's Satchel (total weight: 3, empty weight: 3, capacity: 36/80)
   Chloe's half baked ideas (weight: 5)
   Liz's brain cell cluster (weight: 3)
   Crimpy's destroyed cat toys (weight: 27)
   Sam's water pouch (weight: 1)
==================================
Enter your choice:
1. Loot item.
2. List looted items.
0. Quit.
==================================
Enter the name of the item: Success! Item "Paul's cringe tiktok compilation" stored in container "Hermione's Satchel".
==================================
Enter your choice:
1. Loot item.
2. List looted items.
0. Quit.
==================================
Enter the name of the item: Failure! Item "Rehan's Book collection" NOT stored in container "Hermione's Satchel".
==================================
Enter your choice:
1. Loot item.
2. List looted items.
0. Quit.
==================================
Enter the name of the item: Failure! Item "Charlie's unread emails" NOT stored in container "Hermione's Satchel".
==================================
Enter your choice:
1. Loot item.
2. List looted items.
0. Quit.
==================================
Enter the name of the item: Failure! Item "Rehan's Book collection" NOT stored in container "Hermione's Satchel".
==================================
Enter your choice:
1. Loot item.
2. List looted items.
0. Quit.
==================================
Enter the name of the item: Failure! Item "Paul's missing aura points" NOT stored in container "Hermione's Satchel".
==================================
Enter your choice:
1. Loot item.
2. List looted items.
0. Quit.
==================================
Enter the name of the item: Failure! Item "Paul's cringe tiktok compilation" NOT stored in container "Hermione's Satchel".
==================================
Enter your choice:
1. Loot item.
2. List looted items.
0. Quit.
==================================
Enter the name of the item: Failure! Item "Pierre's meme collection" NOT stored in container "Hermione's Satchel".
==================================
Enter your choice:
1. Loot item.
2. List looted items.
0. Quit.
==================================
