Initialised 57 items including 25 containers.

Enter the name of the container: ==================================
Enter your choice:
1. Loot item.
2. List looted items.
0. Quit.
==================================
Enter the name of the item: Success! Item "Vanessa's hit list" stored in container "Pierre's Breadbag of Yuminess".
==================================
Enter your choice:
1. Loot item.
2. List looted items.
0. Quit.
==================================
Pierre's Breadbag of Yuminess (total weight: 40, empty weight: 40, capacity: 299/5000)
   Vanessa's hit list (weight: 299)
==================================
Enter your choice:
1. Loot item.
2. List looted items.
0. Quit.
==================================
Enter the name of the item: Success! Item "Crimpy's destroyed cat toys" stored in container "Pierre's Breadbag of Yuminess".
==================================
Enter your choice:
1. Loot item.
2. List looted items.
0. Quit.
==================================
Enter the name of the item: Success! Item "Lifi's browser tabs" stored in container "Pierre's Breadbag of Yuminess".
==================================
Enter your choice:
1. Loot item.
2. List looted items.
0. Quit.
==================================
Pierre's Breadbag of Yuminess (total weight: 40, empty weight: 40, capacity: 1663/5000)
   Vanessa's hit list (weight: 299)
   Crimpy's destroyed cat toys (weight: 27)
   Lifi's browser tabs (weight: 1337)
==================================
Enter your choice:
1. Loot item.
2. List looted items.
0. Quit.
==================================
Pierre's Breadbag of Yuminess (total weight: 40, empty weight: 40, capacity: 1663/5000)
   Vanessa's hit list (weight: 299)
   Crimpy's destroyed cat toys (weight: 27)
   Lifi's browser tabs (weight: 1337)
==================================
Enter your choice:
1. Loot item.
2. List looted items.
0. Quit.
==================================
Enter the name of the item: Success! Item "Fibonnaci's rabbytes family tree" stored in container "Pierre's Breadbag of Yuminess".
==================================
Enter your choice:
1. Loot item.
2. List looted items.
0. Quit.
==================================
Enter the name of the item: Success! Item "Robbie's shower thoughts" stored in container "Pierre's Breadbag of Yuminess".
==================================
Enter your choice:
1. Loot item.
2. List looted items.
0. Quit.
==================================
Enter the name of the item: Success! Item "Pierre's funny meme collection" stored in container "Pierre's Breadbag of Yuminess".
==================================
Enter your choice:
1. Loot item.
2. List looted items.
0. Quit.
==================================
Enter the name of the item: Success! Item "Crimpy's destroyed cat toys" stored in container "Pierre's Breadbag of Yuminess".
==================================
Enter your choice:
1. Loot item.
2. List looted items.
0. Quit.
==================================
Pierre's Breadbag of Yuminess (total weight: 40, empty weight: 40, capacity: 1984/5000)
   Vanessa's hit list (weight: 299)
   Crimpy's destroyed cat toys (weight: 27)
   Lifi's browser tabs (weight: 1337)
   Fibonnaci's rabbytes family tree (weight: 144)
   Robbie's shower thoughts (weight: 150)
   Pierre's funny meme collection (weight: 0)
   Crimpy's destroyed cat toys (weight: 27)
==================================
Enter your choice:
1. Loot item.
2. List looted items.
0. Quit.
==================================
Enter the name of the item: Success! Item "Ed's forum posts" stored in container "Pierre's Breadbag of Yuminess".
==================================
Enter your choice:
1. Loot item.
2. List looted items.
0. Quit.
==================================
Pierre's Breadbag of Yuminess (total weight: 40, empty weight: 40, capacity: 2662/5000)
   Vanessa's hit list (weight: 299)
   Crimpy's destroyed cat toys (weight: 27)
   Lifi's browser tabs (weight: 1337)
   Fibonnaci's rabbytes family tree (weight: 144)
   Robbie's shower thoughts (weight: 150)
   Pierre's funny meme collection (weight: 0)
   Crimpy's destroyed cat toys (weight: 27)
   Ed's forum posts (weight: 678)
==================================
Enter your choice:
1. Loot item.
2. List looted items.
0. Quit.
==================================
Pierre's Breadbag of Yuminess (total weight: 40, empty weight: 40, capacity: 2662/5000)
   Vanessa's hit list (weight: 299)
   Crimpy's destroyed cat toys (weight: 27)
   Lifi's browser tabs (weight: 1337)
   Fibonnaci's rabbytes family tree (weight: 144)
   Robbie's shower thoughts (weight: 150)
   Pierre's funny meme collection (weight: 0)
   Crimpy's destroyed cat toys (weight: 27)
   Ed's forum posts (weight: 678)
==================================
Enter your choice:
1. Loot item.
2. List looted items.
0. Quit.
==================================
Enter the name of the item: Success! Item "Tan's Tamagotchi Support Group" stored in container "Pierre's Breadbag of Yuminess".
==================================
Enter your choice:
1. Loot item.
2. List looted items.
0. Quit.
==================================
