Initialised 57 items including 25 containers.

Enter the name of the container: ==================================
Enter your choice:
1. Loot item.
2. List looted items.
0. Quit.
==================================
Enter the name of the item: Success! Item "Robbie's shower thoughts" stored in container "Bag of Holding".
==================================
Enter your choice:
1. Loot item.
2. List looted items.
0. Quit.
==================================
Bag of Holding (total weight: 40, empty weight: 40, capacity: 150/5000)
   Robbie's shower thoughts (weight: 150)
==================================
Enter your choice:
1. Loot item.
2. List looted items.
0. Quit.
==================================
Enter the name of the item: Success! Item "Lifi's browser tabs" stored in container "Bag of Holding".
==================================
Enter your choice:
1. Loot item.
2. List looted items.
0. Quit.
==================================
Enter the name of the item: Success! Item "Taylor's ex-lovers list" stored in container "Bag of Holding".
==================================
Enter your choice:
1. Loot item.
2. List looted items.
0. Quit.
==================================
Enter the name of the item: Success! Item "Paul's only frontal lobe" stored in container "Bag of Holding".
==================================
Enter your choice:
1. Loot item.
2. List looted items.
0. Quit.
==================================
Bag of Holding (total weight: 40, empty weight: 40, capacity: 2495/5000)
   Robbie's shower thoughts (weight: 150)
   Lifi's browser tabs (weight: 1337)
   Taylor's ex-lovers list (weight: 999)
   Paul's only frontal lobe (weight: 9)
==================================
Enter your choice:
1. Loot item.
2. List looted items.
0. Quit.
==================================
Enter the name of the item: Success! Item "Pierre's funny meme collection" stored in container "Bag of Holding".
==================================
Enter your choice:
1. Loot item.
2. List looted items.
0. Quit.
==================================
Bag of Holding (total weight: 40, empty weight: 40, capacity: 2495/5000)
   Robbie's shower thoughts (weight: 150)
   Lifi's browser tabs (weight: 1337)
   Taylor's ex-lovers list (weight: 999)
   Paul's only frontal lobe (weight: 9)
   Pierre's funny meme collection (weight: 0)
==================================
Enter your choice:
1. Loot item.
2. List looted items.
0. Quit.
==================================
Bag of Holding (total weight: 40, empty weight: 40, capacity: 2495/5000)
   Robbie's shower thoughts (weight: 150)
   Lifi's browser tabs (weight: 1337)
   Taylor's ex-lovers list (weight: 999)
   Paul's only frontal lobe (weight: 9)
   Pierre's funny meme collection (weight: 0)
==================================
Enter your choice:
1. Loot item.
2. List looted items.
0. Quit.
==================================
Enter the name of the item: Success! Item "Taylor's ex-lovers list" stored in container "Bag of Holding".
==================================
Enter your choice:
1. Loot item.
2. List looted items.
0. Quit.
==================================
Bag of Holding (total weight: 40, empty weight: 40, capacity: 3494/5000)
   Robbie's shower thoughts (weight: 150)
   Lifi's browser tabs (weight: 1337)
   Taylor's ex-lovers list (weight: 999)
   Paul's only frontal lobe (weight: 9)
   Pierre's funny meme collection (weight: 0)
   Taylor's ex-lovers list (weight: 999)
==================================
Enter your choice:
1. Loot item.
2. List looted items.
0. Quit.
==================================
