Initialised 57 items including 25 containers.

Enter the name of the container: ==================================
Enter your choice:
1. Loot item.
2. List looted items.
0. Quit.
==================================
Pierre's Breadbag of Yuminess (total weight: 40, empty weight: 40, capacity: 0/5000)
==================================
Enter your choice:
1. Loot item.
2. List looted items.
0. Quit.
==================================
Pierre's Breadbag of Yuminess (total weight: 40, empty weight: 40, capacity: 0/5000)
==================================
Enter your choice:
1. Loot item.
2. List looted items.
0. Quit.
==================================
Enter the name of the item: Success! Item "Lifi's browser tabs" stored in container "Pierre's Breadbag of Yuminess".
==================================
Enter your choice:
1. Loot item.
2. List looted items.
0. Quit.
==================================
Enter the name of the item: Success! Item "Gabe's Steam game library" stored in container "Pierre's Breadbag of Yuminess".
==================================
Enter your choice:
1. Loot item.
2. List looted items.
0. Quit.
==================================
Enter the name of the item: Success! Item "Ed's forum posts" stored in container "Pierre's Breadbag of Yuminess".
==================================
Enter your choice:
1. Loot item.
2. List looted items.
0. Quit.
==================================
Enter the name of the item: Success! Item "Tan's Tamagotchi Support Group" stored in container "Pierre's Breadbag of Yuminess".
==================================
Enter your choice:
1. Loot item.
2. List looted items.
0. Quit.
==================================
Enter the name of the item: Success! Item "Taylor's ex-lovers list" stored in container "Pierre's Breadbag of Yuminess".
==================================
Enter your choice:
1. Loot item.
2. List looted items.
0. Quit.
==================================
Enter the name of the item: Success! Item "A rock" stored in container "Pierre's Breadbag of Yuminess".
==================================
Enter your choice:
1. Loot item.
2. List looted items.
0. Quit.
==================================
Enter the name of the item: Success! Item "Liz's brain cell cluster" stored in container "Pierre's Breadbag of Yuminess".
==================================
Enter your choice:
1. Loot item.
2. List looted items.
0. Quit.
==================================
