Initialised 57 items including 25 containers.

Enter the name of the container: ==================================
Enter your choice:
1. Loot item.
2. List looted items.
0. Quit.
==================================
Arnaud's Oven of Crispiness (total weight: 100, empty weight: 100, capacity: 0/250000)
==================================
Enter your choice:
1. Loot item.
2. List looted items.
0. Quit.
==================================
Enter the name of the item: Success! Item "Paul's cringe tiktok compilation" stored in container "Arnaud's Oven of Crispiness".
==================================
Enter your choice:
1. Loot item.
2. List looted items.
0. Quit.
==================================
Enter the name of the item: Success! Item "Paul's cringe tiktok compilation" stored in container "Arnaud's Oven of Crispiness".
==================================
Enter your choice:
1. Loot item.
2. List looted items.
0. Quit.
==================================
Arnaud's Oven of Crispiness (total weight: 100, empty weight: 100, capacity: 46/250000)
   Paul's cringe tiktok compilation (weight: 23)
   Paul's cringe tiktok compilation (weight: 23)
==================================
Enter your choice:
1. Loot item.
2. List looted items.
0. Quit.
==================================
Enter the name of the item: Success! Item "Pierre's outdated meme collection" stored in container "Arnaud's Oven of Crispiness".
==================================
Enter your choice:
1. Loot item.
2. List looted items.
0. Quit.
==================================
Enter the name of the item: Success! Item "Pierre's secret meme collection" stored in container "Arnaud's Oven of Crispiness".
==================================
Enter your choice:
1. Loot item.
2. List looted items.
0. Quit.
==================================
Enter the name of the item: Success! Item "Fibonnaci's rabbytes family tree" stored in container "Arnaud's Oven of Crispiness".
==================================
Enter your choice:
1. Loot item.
2. List looted items.
0. Quit.
==================================
Enter the name of the item: Success! Item "Paul's only frontal lobe" stored in container "Arnaud's Oven of Crispiness".
==================================
Enter your choice:
1. Loot item.
2. List looted items.
0. Quit.
==================================
Enter the name of the item: Success! Item "Robbie's final drop of sanity" stored in container "Arnaud's Oven of Crispiness".
==================================
Enter your choice:
1. Loot item.
2. List looted items.
0. Quit.
==================================
Arnaud's Oven of Crispiness (total weight: 100, empty weight: 100, capacity: 9620/250000)
   Paul's cringe tiktok compilation (weight: 23)
   Paul's cringe tiktok compilation (weight: 23)
   Pierre's outdated meme collection (weight: 9001)
   Pierre's secret meme collection (weight: 420)
   Fibonnaci's rabbytes family tree (weight: 144)
   Paul's only frontal lobe (weight: 9)
   Robbie's final drop of sanity (weight: 0)
==================================
Enter your choice:
1. Loot item.
2. List looted items.
0. Quit.
==================================
Enter the name of the item: Success! Item "Sam's water pouch" stored in container "Arnaud's Oven of Crispiness".
==================================
Enter your choice:
1. Loot item.
2. List looted items.
0. Quit.
==================================
Arnaud's Oven of Crispiness (total weight: 100, empty weight: 100, capacity: 9621/250000)
   Paul's cringe tiktok compilation (weight: 23)
   Paul's cringe tiktok compilation (weight: 23)
   Pierre's outdated meme collection (weight: 9001)
   Pierre's secret meme collection (weight: 420)
   Fibonnaci's rabbytes family tree (weight: 144)
   Paul's only frontal lobe (weight: 9)
   Robbie's final drop of sanity (weight: 0)
   Sam's water pouch (weight: 1)
==================================
Enter your choice:
1. Loot item.
2. List looted items.
0. Quit.
==================================
Enter the name of the item: Success! Item "A rock" stored in container "Arnaud's Oven of Crispiness".
==================================
Enter your choice:
1. Loot item.
2. List looted items.
0. Quit.
==================================
Enter the name of the item: Success! Item "Ed's forum posts" stored in container "Arnaud's Oven of Crispiness".
==================================
Enter your choice:
1. Loot item.
2. List looted items.
0. Quit.
==================================
Enter the name of the item: Success! Item "Pierre's daily cheese wheel" stored in container "Arnaud's Oven of Crispiness".
==================================
Enter your choice:
1. Loot item.
2. List looted items.
0. Quit.
==================================
