Initialised 57 items including 25 containers.

Enter the name of the container: ==================================
Enter your choice:
1. Loot item.
2. List looted items.
0. Quit.
==================================
Enter the name of the item: Success! Item "Sam's water pouch" stored in container "Bag of Holding".
==================================
Enter your choice:
1. Loot item.
2. List looted items.
0. Quit.
==================================
Enter the name of the item: Success! Item "Paul's only frontal lobe" stored in container "Bag of Holding".
==================================
Enter your choice:
1. Loot item.
2. List looted items.
0. Quit.
==================================
Bag of Holding (total weight: 40, empty weight: 40, capacity: 10/5000)
   Sam's water pouch (weight: 1)
   Paul's only frontal lobe (weight: 9)
==================================
Enter your choice:
1. Loot item.
2. List looted items.
0. Quit.
==================================
Bag of Holding (total weight: 40, empty weight: 40, capacity: 10/5000)
   Sam's water pouch (weight: 1)
   Paul's only frontal lobe (weight: 9)
==================================
Enter your choice:
1. Loot item.
2. List looted items.
0. Quit.
==================================
Enter the name of the item: Success! Item "Crimpy's destroyed cat toys" stored in container "Bag of Holding".
==================================
Enter your choice:
1. Loot item.
2. List looted items.
0. Quit.
==================================
Enter the name of the item: Success! Item "Lifi's browser tabs" stored in container "Bag of Holding".
==================================
Enter your choice:
1. Loot item.
2. List looted items.
0. Quit.
==================================
Enter the name of the item: Success! Item "Chloe's half baked ideas" stored in container "Bag of Holding".
==================================
Enter your choice:
1. Loot item.
2. List looted items.
0. Quit.
==================================
Enter the name of the item: Success! Item "Chloe's half baked ideas" stored in container "Bag of Holding".
==================================
Enter your choice:
1. Loot item.
2. List looted items.
0. Quit.
==================================
Enter the name of the item: Success! Item "Liz's brain cell cluster" stored in container "Bag of Holding".
==================================
Enter your choice:
1. Loot item.
2. List looted items.
0. Quit.
==================================
Enter the name of the item: Success! Item "Robbie's shower thoughts" stored in container "Bag of Holding".
==================================
Enter your choice:
1. Loot item.
2. List looted items.
0. Quit.
==================================
Bag of Holding (total weight: 40, empty weight: 40, capacity: 1537/5000)
   Sam's water pouch (weight: 1)
   Paul's only frontal lobe (weight: 9)
   Crimpy's destroyed cat toys (weight: 27)
   Lifi's browser tabs (weight: 1337)
   Chloe's half baked ideas (weight: 5)
   Chloe's half baked ideas (weight: 5)
   Liz's brain cell cluster (weight: 3)
   Robbie's shower thoughts (weight: 150)
==================================
Enter your choice:
1. Loot item.
2. List looted items.
0. Quit.
==================================
Bag of Holding (total weight: 40, empty weight: 40, capacity: 1537/5000)
   Sam's water pouch (weight: 1)
   Paul's only frontal lobe (weight: 9)
   Crimpy's destroyed cat toys (weight: 27)
   Lifi's browser tabs (weight: 1337)
   Chloe's half baked ideas (weight: 5)
   Chloe's half baked ideas (weight: 5)
   Liz's brain cell cluster (weight: 3)
   Robbie's shower thoughts (weight: 150)
==================================
Enter your choice:
1. Loot item.
2. List looted items.
0. Quit.
==================================
Enter the name of the item: Success! Item "A normal cheese platter" stored in container "Bag of Holding".
==================================
Enter your choice:
1. Loot item.
2. List looted items.
0. Quit.
==================================
Bag of Holding (total weight: 40, empty weight: 40, capacity: 2537/5000)
   Sam's water pouch (weight: 1)
   Paul's only frontal lobe (weight: 9)
   Crimpy's destroyed cat toys (weight: 27)
   Lifi's browser tabs (weight: 1337)
   Chloe's half baked ideas (weight: 5)
   Chloe's half baked ideas (weight: 5)
   Liz's brain cell cluster (weight: 3)
   Robbie's shower thoughts (weight: 150)
   A normal cheese platter (weight: 1000)
==================================
Enter your choice:
1. Loot item.
2. List looted items.
0. Quit.
==================================
Enter the name of the item: Success! Item "Paul's only frontal lobe" stored in container "Bag of Holding".
==================================
Enter your choice:
1. Loot item.
2. List looted items.
0. Quit.
==================================
