Initialised 57 items including 25 containers.

Enter the name of the container: ==================================
Enter your choice:
1. Loot item.
2. List looted items.
0. Quit.
==================================
Enter the name of the item: Success! Item "Paul's cringe tiktok compilation" stored in container "Hermione's Satchel".
==================================
Enter your choice:
1. Loot item.
2. List looted items.
0. Quit.
==================================
Enter the name of the item: Success! Item "Liz's brain cell cluster" stored in container "Hermione's Satchel".
==================================
Enter your choice:
1. Loot item.
2. List looted items.
0. Quit.
==================================
Enter the name of the item: Failure! Item "Lifi's browser tabs" NOT stored in container "Hermione's Satchel".
==================================
Enter your choice:
1. Loot item.
2. List looted items.
0. Quit.
==================================
Enter the name of the item: Failure! Item "Bhagya's publications" NOT stored in container "Hermione's Satchel".
==================================
Enter your choice:
1. Loot item.
2. List looted items.
0. Quit.
==================================
Enter the name of the item: Failure! Item "Pierre's meme collection" NOT stored in container "Hermione's Satchel".
==================================
Enter your choice:
1. Loot item.
2. List looted items.
0. Quit.
==================================
Enter the name of the item: Success! Item "Gabe's Steam game library" stored in container "Hermione's Satchel".
==================================
Enter your choice:
1. Loot item.
2. List looted items.
0. Quit.
==================================
Enter the name of the item: Success! Item "Robbie's final drop of sanity" stored in container "Hermione's Satchel".
==================================
Enter your choice:
1. Loot item.
2. List looted items.
0. Quit.
==================================
Enter the name of the item: Failure! Item "Tan's Tamagotchi Support Group" NOT stored in container "Hermione's Satchel".
==================================
Enter your choice:
1. Loot item.
2. List looted items.
0. Quit.
==================================
Enter the name of the item: Success! Item "Pierre's funny meme collection" stored in container "Hermione's Satchel".
==================================
Enter your choice:
1. Loot item.
2. List looted items.
0. Quit.
==================================
Hermione's Satchel (total weight: 3, empty weight: 3, capacity: 26/80)
   Paul's cringe tiktok compilation (weight: 23)
   Liz's brain cell cluster (weight: 3)
   Gabe's Steam game library (weight: 0)
   Robbie's final drop of sanity (weight: 0)
   Pierre's funny meme collection (weight: 0)
==================================
Enter your choice:
1. Loot item.
2. List looted items.
0. Quit.
==================================
Enter the name of the item: Success! Item "Gabe's Steam game library" stored in container "Hermione's Satchel".
==================================
Enter your choice:
1. Loot item.
2. List looted items.
0. Quit.
==================================
Enter the name of the item: Success! Item "Paul's cringe tiktok compilation" stored in container "Hermione's Satchel".
==================================
Enter your choice:
1. Loot item.
2. List looted items.
0. Quit.
==================================
Enter the name of the item: Failure! Item "A normal cheese platter" NOT stored in container "Hermione's Satchel".
==================================
Enter your choice:
1. Loot item.
2. List looted items.
0. Quit.
==================================
