Initialised 57 items including 25 containers.

Enter the name of the container: ==================================
Enter your choice:
1. Loot item.
2. List looted items.
0. Quit.
==================================
A small pouch (total weight: 1, empty weight: 1, capacity: 0/20)
==================================
Enter your choice:
1. Loot item.
2. List looted items.
0. Quit.
==================================
Enter the name of the item: Success! Item "Sam's water pouch" stored in container "A small pouch".
==================================
Enter your choice:
1. Loot item.
2. List looted items.
0. Quit.
==================================
Enter the name of the item: Success! Item "Paul's only frontal lobe" stored in container "A small pouch".
==================================
Enter your choice:
1. Loot item.
2. List looted items.
0. Quit.
==================================
Enter the name of the item: Success! Item "Gabe's Steam game library" stored in container "A small pouch".
==================================
Enter your choice:
1. Loot item.
2. List looted items.
0. Quit.
==================================
A small pouch (total weight: 11, empty weight: 1, capacity: 10/20)
   Sam's water pouch (weight: 1)
   Paul's only frontal lobe (weight: 9)
   Gabe's Steam game library (weight: 0)
==================================
Enter your choice:
1. Loot item.
2. List looted items.
0. Quit.
==================================
Enter the name of the item: Failure! Item "Hui's Hidden Hamster Hoard" NOT stored in container "A small pouch".
==================================
Enter your choice:
1. Loot item.
2. List looted items.
0. Quit.
==================================
Enter the name of the item: Success! Item "Chloe's half baked ideas" stored in container "A small pouch".
==================================
Enter your choice:
1. Loot item.
2. List looted items.
0. Quit.
==================================
A small pouch (total weight: 16, empty weight: 1, capacity: 15/20)
   Sam's water pouch (weight: 1)
   Paul's only frontal lobe (weight: 9)
   Gabe's Steam game library (weight: 0)
   Chloe's half baked ideas (weight: 5)
==================================
Enter your choice:
1. Loot item.
2. List looted items.
0. Quit.
==================================
A small pouch (total weight: 16, empty weight: 1, capacity: 15/20)
   Sam's water pouch (weight: 1)
   Paul's only frontal lobe (weight: 9)
   Gabe's Steam game library (weight: 0)
   Chloe's half baked ideas (weight: 5)
==================================
Enter your choice:
1. Loot item.
2. List looted items.
0. Quit.
==================================
Enter the name of the item: Failure! Item "Charlie's unread emails" NOT stored in container "A small pouch".
==================================
Enter your choice:
1. Loot item.
2. List looted items.
0. Quit.
==================================
Enter the name of the item: Success! Item "A rock" stored in container "A small pouch".
==================================
Enter your choice:
1. Loot item.
2. List looted items.
0. Quit.
==================================
