Initialised 57 items including 25 containers.

Enter the name of the container: ==================================
Enter your choice:
1. Loot item.
2. List looted items.
0. Quit.
==================================
Enter the name of the item: Success! Item "Liz's brain cell cluster" stored in container "A small pouch".
==================================
Enter your choice:
1. Loot item.
2. List looted items.
0. Quit.
==================================
Enter the name of the item: Failure! Item "Michael's stack of unmarked assignments" NOT stored in container "A small pouch".
==================================
Enter your choice:
1. Loot item.
2. List looted items.
0. Quit.
==================================
Enter the name of the item: Success! Item "Liz's brain cell cluster" stored in container "A small pouch".
==================================
Enter your choice:
1. Loot item.
2. List looted items.
0. Quit.
==================================
A small pouch (total weight: 7, empty weight: 1, capacity: 6/20)
   Liz's brain cell cluster (weight: 3)
   Liz's brain cell cluster (weight: 3)
==================================
Enter your choice:
1. Loot item.
2. List looted items.
0. Quit.
==================================
Enter the name of the item: Failure! Item "Robbie's shower thoughts" NOT stored in container "A small pouch".
==================================
Enter your choice:
1. Loot item.
2. List looted items.
0. Quit.
==================================
A small pouch (total weight: 7, empty weight: 1, capacity: 6/20)
   Liz's brain cell cluster (weight: 3)
   Liz's brain cell cluster (weight: 3)
==================================
Enter your choice:
1. Loot item.
2. List looted items.
0. Quit.
==================================
Enter the name of the item: Failure! Item "Paul's cringe tiktok compilation" NOT stored in container "A small pouch".
==================================
Enter your choice:
1. Loot item.
2. List looted items.
0. Quit.
==================================
Enter the name of the item: Success! Item "A rock" stored in container "A small pouch".
==================================
Enter your choice:
1. Loot item.
2. List looted items.
0. Quit.
==================================
Enter the name of the item: Success! Item "Sam's water pouch" stored in container "A small pouch".
==================================
Enter your choice:
1. Loot item.
2. List looted items.
0. Quit.
==================================
Enter the name of the item: Failure! Item "Robbie's shower thoughts" NOT stored in container "A small pouch".
==================================
Enter your choice:
1. Loot item.
2. List looted items.
0. Quit.
==================================
A small pouch (total weight: 9, empty weight: 1, capacity: 8/20)
   Liz's brain cell cluster (weight: 3)
   Liz's brain cell cluster (weight: 3)
   A rock (weight: 1)
   Sam's water pouch (weight: 1)
==================================
Enter your choice:
1. Loot item.
2. List looted items.
0. Quit.
==================================
A small pouch (total weight: 9, empty weight: 1, capacity: 8/20)
   Liz's brain cell cluster (weight: 3)
   Liz's brain cell cluster (weight: 3)
   A rock (weight: 1)
   Sam's water pouch (weight: 1)
==================================
Enter your choice:
1. Loot item.
2. List looted items.
0. Quit.
==================================
