Initialised 57 items including 25 containers.

Enter the name of the container: ==================================
Enter your choice:
1. Loot item.
2. List looted items.
0. Quit.
==================================
Pierre's Breadbag of Yuminess (total weight: 40, empty weight: 40, capacity: 0/5000)
==================================
Enter your choice:
1. Loot item.
2. List looted items.
0. Quit.
==================================
Pierre's Breadbag of Yuminess (total weight: 40, empty weight: 40, capacity: 0/5000)
==================================
Enter your choice:
1. Loot item.
2. List looted items.
0. Quit.
==================================
Enter the name of the item: Success! Item "Chloe's half baked ideas" stored in container "Pierre's Breadbag of Yuminess".
==================================
Enter your choice:
1. Loot item.
2. List looted items.
0. Quit.
==================================
Enter the name of the item: Success! Item "Paul's only frontal lobe" stored in container "Pierre's Breadbag of Yuminess".
==================================
Enter your choice:
1. Loot item.
2. List looted items.
0. Quit.
==================================
Enter the name of the item: Success! Item "Sam's water pouch" stored in container "Pierre's Breadbag of Yuminess".
==================================
Enter your choice:
1. Loot item.
2. List looted items.
0. Quit.
==================================
Pierre's Breadbag of Yuminess (total weight: 40, empty weight: 40, capacity: 15/5000)
   Chloe's half baked ideas (weight: 5)
   Paul's only frontal lobe (weight: 9)
   Sam's water pouch (weight: 1)
==================================
Enter your choice:
1. Loot item.
2. List looted items.
0. Quit.
==================================
Enter the name of the item: Success! Item "Pierre's daily cheese wheel" stored in container "Pierre's Breadbag of Yuminess".
==================================
Enter your choice:
1. Loot item.
2. List looted items.
0. Quit.
==================================
Pierre's Breadbag of Yuminess (total weight: 40, empty weight: 40, capacity: 115/5000)
   Chloe's half baked ideas (weight: 5)
   Paul's only frontal lobe (weight: 9)
   Sam's water pouch (weight: 1)
   Pierre's daily cheese wheel (weight: 100)
==================================
Enter your choice:
1. Loot item.
2. List looted items.
0. Quit.
==================================
Enter the name of the item: Success! Item "Robbie's final drop of sanity" stored in container "Pierre's Breadbag of Yuminess".
==================================
Enter your choice:
1. Loot item.
2. List looted items.
0. Quit.
==================================
Enter the name of the item: Success! Item "A normal cheese platter" stored in container "Pierre's Breadbag of Yuminess".
==================================
Enter your choice:
1. Loot item.
2. List looted items.
0. Quit.
==================================
Enter the name of the item: Success! Item "Hui's Hidden Hamster Hoard" stored in container "Pierre's Breadbag of Yuminess".
==================================
Enter your choice:
1. Loot item.
2. List looted items.
0. Quit.
==================================
Enter the name of the item: Success! Item "Chloe's half baked ideas" stored in container "Pierre's Breadbag of Yuminess".
==================================
Enter your choice:
1. Loot item.
2. List looted items.
0. Quit.
==================================
Enter the name of the item: Success! Item "Liz's brain cell cluster" stored in container "Pierre's Breadbag of Yuminess".
==================================
Enter your choice:
1. Loot item.
2. List looted items.
0. Quit.
==================================
Pierre's Breadbag of Yuminess (total weight: 40, empty weight: 40, capacity: 4264/5000)
   Chloe's half baked ideas (weight: 5)
   Paul's only frontal lobe (weight: 9)
   Sam's water pouch (weight: 1)
   Pierre's daily cheese wheel (weight: 100)
   Robbie's final drop of sanity (weight: 0)
   A normal cheese platter (weight: 1000)
   Hui's Hidden Hamster Hoard (weight: 3141)
   Chloe's half baked ideas (weight: 5)
   Liz's brain cell cluster (weight: 3)
==================================
Enter your choice:
1. Loot item.
2. List looted items.
0. Quit.
==================================
