Initialised 57 items including 25 containers.

Enter the name of the container: ==================================
Enter your choice:
1. Loot item.
2. List looted items.
0. Quit.
==================================
Enter the name of the item: Success! Item "Paul's cringe tiktok compilation" stored in container "Cargo pants".
==================================
Enter your choice:
1. Loot item.
2. List looted items.
0. Quit.
==================================
Enter the name of the item: Success! Item "Paul's cringe tiktok compilation" stored in container "Cargo pants".
==================================
Enter your choice:
1. Loot item.
2. List looted items.
0. Quit.
==================================
Enter the name of the item: Success! Item "Liz's brain cell cluster" stored in container "Cargo pants".
==================================
Enter your choice:
1. Loot item.
2. List looted items.
0. Quit.
==================================
Enter the name of the item: Success! Item "Paul's missing aura points" stored in container "Cargo pants".
==================================
Enter your choice:
1. Loot item.
2. List looted items.
0. Quit.
==================================
Enter the name of the item: Success! Item "Liz's brain cell cluster" stored in container "Cargo pants".
==================================
Enter your choice:
1. Loot item.
2. List looted items.
0. Quit.
==================================
Cargo pants (total weight: 74, empty weight: 0, capacity: 0/0)
   A small pocket (total weight: 74, empty weight: 0, capacity: 74/100)
      Paul's cringe tiktok compilation (weight: 23)
      Paul's cringe tiktok compilation (weight: 23)
      Liz's brain cell cluster (weight: 3)
      Paul's missing aura points (weight: 22)
      Liz's brain cell cluster (weight: 3)
   A medium pocket (total weight: 0, empty weight: 0, capacity: 0/200)
   A medium pocket (total weight: 0, empty weight: 0, capacity: 0/200)
   A small pocket (total weight: 0, empty weight: 0, capacity: 0/100)
   A medium pocket (total weight: 0, empty weight: 0, capacity: 0/200)
   A medium pocket (total weight: 0, empty weight: 0, capacity: 0/200)
==================================
Enter your choice:
1. Loot item.
2. List looted items.
0. Quit.
==================================
Enter the name of the item: Failure! Item "Tan's Tamagotchi Support Group" NOT stored in container "Cargo pants".
==================================
Enter your choice:
1. Loot item.
2. List looted items.
0. Quit.
==================================
Enter the name of the item: Success! Item "Paul's cringe tiktok compilation" stored in container "Cargo pants".
==================================
Enter your choice:
1. Loot item.
2. List looted items.
0. Quit.
==================================
Enter the name of the item: Success! Item "Pierre's daily cheese wheel" stored in container "Cargo pants".
==================================
Enter your choice:
1. Loot item.
2. List looted items.
0. Quit.
==================================
Enter the name of the item: Success! Item "Chloe's half baked ideas" stored in container "Cargo pants".
==================================
Enter your choice:
1. Loot item.
2. List looted items.
0. Quit.
==================================
Cargo pants (total weight: 202, empty weight: 0, capacity: 0/0)
   A small pocket (total weight: 97, empty weight: 0, capacity: 97/100)
      Paul's cringe tiktok compilation (weight: 23)
      Paul's cringe tiktok compilation (weight: 23)
      Liz's brain cell cluster (weight: 3)
      Paul's missing aura points (weight: 22)
      Liz's brain cell cluster (weight: 3)
      Paul's cringe tiktok compilation (weight: 23)
   A medium pocket (total weight: 105, empty weight: 0, capacity: 105/200)
      Pierre's daily cheese wheel (weight: 100)
      Chloe's half baked ideas (weight: 5)
   A medium pocket (total weight: 0, empty weight: 0, capacity: 0/200)
   A small pocket (total weight: 0, empty weight: 0, capacity: 0/100)
   A medium pocket (total weight: 0, empty weight: 0, capacity: 0/200)
   A medium pocket (total weight: 0, empty weight: 0, capacity: 0/200)
==================================
Enter your choice:
1. Loot item.
2. List looted items.
0. Quit.
==================================
