Initialised 57 items including 25 containers.

Enter the name of the container: ==================================
Enter your choice:
1. Loot item.
2. List looted items.
0. Quit.
==================================
Enter the name of the item: Success! Item "Sam's water pouch" stored in container "Bag of Holding".
==================================
Enter your choice:
1. Loot item.
2. List looted items.
0. Quit.
==================================
Bag of Holding (total weight: 40, empty weight: 40, capacity: 1/5000)
   Sam's water pouch (weight: 1)
==================================
Enter your choice:
1. Loot item.
2. List looted items.
0. Quit.
==================================
Bag of Holding (total weight: 40, empty weight: 40, capacity: 1/5000)
   Sam's water pouch (weight: 1)
==================================
Enter your choice:
1. Loot item.
2. List looted items.
0. Quit.
==================================
Enter the name of the item: Success! Item "Sam's water pouch" stored in container "Bag of Holding".
==================================
Enter your choice:
1. Loot item.
2. List looted items.
0. Quit.
==================================
Bag of Holding (total weight: 40, empty weight: 40, capacity: 2/5000)
   Sam's water pouch (weight: 1)
   Sam's water pouch (weight: 1)
==================================
Enter your choice:
1. Loot item.
2. List looted items.
0. Quit.
==================================
Enter the name of the item: Success! Item "Fibonnaci's rabbytes family tree" stored in container "Bag of Holding".
==================================
Enter your choice:
1. Loot item.
2. List looted items.
0. Quit.
==================================
Enter the name of the item: Success! Item "Liz's brain cell cluster" stored in container "Bag of Holding".
==================================
Enter your choice:
1. Loot item.
2. List looted items.
0. Quit.
==================================
Enter the name of the item: Success! Item "Pierre's secret meme collection" stored in container "Bag of Holding".
==================================
Enter your choice:
1. Loot item.
2. List looted items.
0. Quit.
==================================
Enter the name of the item: Success! Item "Pierre's secret meme collection" stored in container "Bag of Holding".
==================================
Enter your choice:
1. Loot item.
2. List looted items.
0. Quit.
==================================
Enter the name of the item: Success! Item "Vanessa's hit list" stored in container "Bag of Holding".
==================================
Enter your choice:
1. Loot item.
2. List looted items.
0. Quit.
==================================
Enter the name of the item: Success! Item "Elena's fishing count" stored in container "Bag of Holding".
==================================
Enter your choice:
1. Loot item.
2. List looted items.
0. Quit.
==================================
Enter the name of the item: Success! Item "A rock" stored in container "Bag of Holding".
==================================
Enter your choice:
1. Loot item.
2. List looted items.
0. Quit.
==================================
