Initialised 57 items including 25 containers.

Enter the name of the container: ==================================
Enter your choice:
1. Loot item.
2. List looted items.
0. Quit.
==================================
Enter the name of the item: Success! Item "Paul's only frontal lobe" stored in container "The Stomach of that Penguin from Madagascar".
==================================
Enter your choice:
1. Loot item.
2. List looted items.
0. Quit.
==================================
Enter the name of the item: Failure! Item "Hui's Hidden Hamster Hoard" NOT stored in container "The Stomach of that Penguin from Madagascar".
==================================
Enter your choice:
1. Loot item.
2. List looted items.
0. Quit.
==================================
Enter the name of the item: Failure! Item "Tan's Tamagotchi Support Group" NOT stored in container "The Stomach of that Penguin from Madagascar".
==================================
Enter your choice:
1. Loot item.
2. List looted items.
0. Quit.
==================================
Enter the name of the item: Failure! Item "Chloe's late assignments" NOT stored in container "The Stomach of that Penguin from Madagascar".
==================================
Enter your choice:
1. Loot item.
2. List looted items.
0. Quit.
==================================
Enter the name of the item: Failure! Item "Vanessa's hit list" NOT stored in container "The Stomach of that Penguin from Madagascar".
==================================
Enter your choice:
1. Loot item.
2. List looted items.
0. Quit.
==================================
Enter the name of the item: Success! Item "Crimpy's destroyed cat toys" stored in container "The Stomach of that Penguin from Madagascar".
==================================
Enter your choice:
1. Loot item.
2. List looted items.
0. Quit.
==================================
Enter the name of the item: Failure! Item "Tan's Tamagotchi Support Group" NOT stored in container "The Stomach of that Penguin from Madagascar".
==================================
Enter your choice:
1. Loot item.
2. List looted items.
0. Quit.
==================================
The Stomach of that Penguin from Madagascar (total weight: 3, empty weight: 3, capacity: 36/80)
   Paul's only frontal lobe (weight: 9)
   Crimpy's destroyed cat toys (weight: 27)
==================================
Enter your choice:
1. Loot item.
2. List looted items.
0. Quit.
==================================
Enter the name of the item: Success! Item "Paul's only frontal lobe" stored in container "The Stomach of that Penguin from Madagascar".
==================================
Enter your choice:
1. Loot item.
2. List looted items.
0. Quit.
==================================
The Stomach of that Penguin from Madagascar (total weight: 3, empty weight: 3, capacity: 45/80)
   Paul's only frontal lobe (weight: 9)
   Crimpy's destroyed cat toys (weight: 27)
   Paul's only frontal lobe (weight: 9)
==================================
Enter your choice:
1. Loot item.
2. List looted items.
0. Quit.
==================================
Enter the name of the item: Failure! Item "Pierre's meme collection" NOT stored in container "The Stomach of that Penguin from Madagascar".
==================================
Enter your choice:
1. Loot item.
2. List looted items.
0. Quit.
==================================
Enter the name of the item: Success! Item "A rock" stored in container "The Stomach of that Penguin from Madagascar".
==================================
Enter your choice:
1. Loot item.
2. List looted items.
0. Quit.
==================================
The Stomach of that Penguin from Madagascar (total weight: 3, empty weight: 3, capacity: 46/80)
   Paul's only frontal lobe (weight: 9)
   Crimpy's destroyed cat toys (weight: 27)
   Paul's only frontal lobe (weight: 9)
   A rock (weight: 1)
==================================
Enter your choice:
1. Loot item.
2. List looted items.
0. Quit.
==================================
The Stomach of that Penguin from Madagascar (total weight: 3, empty weight: 3, capacity: 46/80)
   Paul's only frontal lobe (weight: 9)
   Crimpy's destroyed cat toys (weight: 27)
   Paul's only frontal lobe (weight: 9)
   A rock (weight: 1)
==================================
Enter your choice:
1. Loot item.
2. List looted items.
0. Quit.
==================================
Enter the name of the item: Failure! Item "Vanessa's secret gold stash" NOT stored in container "The Stomach of that Penguin from Madagascar".
==================================
Enter your choice:
1. Loot item.
2. List looted items.
0. Quit.
==================================
