Initialised 57 items including 25 containers.

Enter the name of the container: ==================================
Enter your choice:
1. Loot item.
2. List looted items.
0. Quit.
==================================
Enter the name of the item: Failure! Item "Charlie's unread emails" NOT stored in container "The Stomach of that Penguin from Madagascar".
==================================
Enter your choice:
1. Loot item.
2. List looted items.
0. Quit.
==================================
The Stomach of that Penguin from Madagascar (total weight: 3, empty weight: 3, capacity: 0/80)
==================================
Enter your choice:
1. Loot item.
2. List looted items.
0. Quit.
==================================
The Stomach of that Penguin from Madagascar (total weight: 3, empty weight: 3, capacity: 0/80)
==================================
Enter your choice:
1. Loot item.
2. List looted items.
0. Quit.
==================================
Enter the name of the item: Failure! Item "Rehan's Book collection" NOT stored in container "The Stomach of that Penguin from Madagascar".
==================================
Enter your choice:
1. Loot item.
2. List looted items.
0. Quit.
==================================
Enter the name of the item: Success! Item "Paul's missing aura points" stored in container "The Stomach of that Penguin from Madagascar".
==================================
Enter your choice:
1. Loot item.
2. List looted items.
0. Quit.
==================================
The Stomach of that Penguin from Madagascar (total weight: 3, empty weight: 3, capacity: 22/80)
   Paul's missing aura points (weight: 22)
==================================
Enter your choice:
1. Loot item.
2. List looted items.
0. Quit.
==================================
Enter the name of the item: Success! Item "Paul's only frontal lobe" stored in container "The Stomach of that Penguin from Madagascar".
==================================
Enter your choice:
1. Loot item.
2. List looted items.
0. Quit.
==================================
Enter the name of the item: Success! Item "Robbie's final drop of sanity" stored in container "The Stomach of that Penguin from Madagascar".
==================================
Enter your choice:
1. Loot item.
2. List looted items.
0. Quit.
==================================
Enter the name of the item: Success! Item "Chloe's half baked ideas" stored in container "The Stomach of that Penguin from Madagascar".
==================================
Enter your choice:
1. Loot item.
2. List looted items.
0. Quit.
==================================
The Stomach of that Penguin from Madagascar (total weight: 3, empty weight: 3, capacity: 36/80)
   Paul's missing aura points (weight: 22)
   Paul's only frontal lobe (weight: 9)
   Robbie's final drop of sanity (weight: 0)
   Chloe's half baked ideas (weight: 5)
==================================
Enter your choice:
1. Loot item.
2. List looted items.
0. Quit.
==================================
Enter the name of the item: Success! Item "Pierre's funny meme collection" stored in container "The Stomach of that Penguin from Madagascar".
==================================
Enter your choice:
1. Loot item.
2. List looted items.
0. Quit.
==================================
The Stomach of that Penguin from Madagascar (total weight: 3, empty weight: 3, capacity: 36/80)
   Paul's missing aura points (weight: 22)
   Paul's only frontal lobe (weight: 9)
   Robbie's final drop of sanity (weight: 0)
   Chloe's half baked ideas (weight: 5)
   Pierre's funny meme collection (weight: 0)
==================================
Enter your choice:
1. Loot item.
2. List looted items.
0. Quit.
==================================
Enter the name of the item: Failure! Item "Lifi's browser tabs" NOT stored in container "The Stomach of that Penguin from Madagascar".
==================================
Enter your choice:
1. Loot item.
2. List looted items.
0. Quit.
==================================
Enter the name of the item: Failure! Item "Fibonnaci's rabbytes family tree" NOT stored in container "The Stomach of that Penguin from Madagascar".
==================================
Enter your choice:
1. Loot item.
2. List looted items.
0. Quit.
==================================
Enter the name of the item: Failure! Item "Vanessa's hit list" NOT stored in container "The Stomach of that Penguin from Madagascar".
==================================
Enter your choice:
1. Loot item.
2. List looted items.
0. Quit.
==================================
